Arguments: 
  /usr/bin/node /home/saulosantiago/.yarn/bin/yarn.js install

PATH: 
  /home/saulosantiago/.yarn/bin:/home/saulosantiago/.config/yarn/global/node_modules/.bin:/home/saulosantiago/.local/share/solana/install/active_release/bin:/home/saulosantiago/.rvm/gems/ruby-2.7.1/bin:/home/saulosantiago/.rvm/gems/ruby-2.7.1@global/bin:/home/saulosantiago/.rvm/rubies/ruby-2.7.1/bin:/home/saulosantiago/.yarn/bin:/home/saulosantiago/.config/yarn/global/node_modules/.bin:/home/saulosantiago/anaconda3/bin:/home/saulosantiago/anaconda3/condabin:/home/saulosantiago/.local/share/solana/install/active_release/bin:/home/saulosantiago/.cargo/bin:/usr/local/sbin:/usr/local/bin:/usr/sbin:/usr/bin:/sbin:/bin:/usr/games:/usr/local/games:/usr/lib/wsl/lib:/mnt/c/Program Files (x86)/Common Files/Oracle/Java/javapath:/mnt/c/WINDOWS/system32:/mnt/c/WINDOWS:/mnt/c/WINDOWS/System32/Wbem:/mnt/c/WINDOWS/System32/WindowsPowerShell/v1.0:/mnt/c/WINDOWS/System32/OpenSSH:/mnt/c/WINDOWS/system32:/mnt/c/WINDOWS:/mnt/c/WINDOWS/System32/Wbem:/mnt/c/WINDOWS/System32/WindowsPowerShell/v1.0:/mnt/c/WINDOWS/System32/OpenSSH:/mnt/c/Program Files/Docker/Docker/resources/bin:/mnt/c/Users/saulo/AppData/Local/Microsoft/WindowsApps:/mnt/c/Users/saulo/AppData/Local/Programs/Microsoft VS Code/bin:/home/saulosantiago/anaconda3/bin:/usr/local/go-1.17.5/bin:/home/saulosantiago/projects/go/bin:/home/saulosantiago/development/flutter/bin:/home/saulosantiago/.rvm/bin:/home/saulosantiago/anaconda3/bin:/usr/local/go-1.17.5/bin:/home/saulosantiago/projects/go/bin:/home/saulosantiago/development/flutter/bin:/home/saulosantiago/.rvm/bin

Yarn version: 
  1.22.18

Node version: 
  16.13.1

Platform: 
  linux x64

Trace: 
  SyntaxError: /home/saulosantiago/blu/blu-utils/package.json: Unexpected token } in JSON at position 1463
      at JSON.parse (<anonymous>)
      at /home/saulosantiago/.yarn/lib/cli.js:1625:59
      at Generator.next (<anonymous>)
      at step (/home/saulosantiago/.yarn/lib/cli.js:310:30)
      at /home/saulosantiago/.yarn/lib/cli.js:321:13

npm manifest: 
  {
    "name": "@useblu/utils",
    "version": "1.0.0",
    "license": "MIT",
    "main": "./dist/index.js",
    "module": "./dist/index.mjs",
    "types": "./dist/index.d.ts",
    "scripts": {
      "build": "tsup src/index.ts --format esm --dts",
      "dev": "tsup src/index.ts --format esm,cjs --watch --dts --transpileOnly",
      "lint": "eslint src/**/*.ts* --fix",
      "test": "jest",
      "coverage": "jest --coverage"
    },
    "devDependencies": {
      "@types/jest": "^29.2.3",
      "@types/react": "^18.0.25",
      "@typescript-eslint/eslint-plugin": "^5.43.0",
      "@typescript-eslint/parser": "^5.43.0",
      "eslint": "^8.27.0",
      "eslint-config-airbnb-base": "^15.0.0",
      "eslint-plugin-import": "^2.26.0",
      "eslint-plugin-react": "^7.31.10",
      "eslint-plugin-react-hooks": "^4.6.0",
      "jest": "^29.2.2",
      "lerna": "^6.1.0",
      "prettier": "^2.3.2",
      "react": "^18.2.0",
      "ts-jest": "^29.0.3",
      "ts-node-dev": "^2.0.0",
      "tsup": "^6.4.0",
      "typescript": "^4.8.4"
    },
    "description": "<div align=\"center\">   <h1>       Blu Utils    </h1>   <pre>yarn add <a href=\"...\">....</a></pre>  </div>",
    "directories": {
      "doc": "docs",
      "test": "tests"
    },
    "repository": {
      "type": "git",
      "url": "git+https://github.com/Pagnet/blu-utils.git"
    },
    "keywords": [
      "utils"
    ],
    "author": "Blu",
    "bugs": {
      "url": "https://github.com/Pagnet/blu-utils/issues"
    },
    "homepage": "https://github.com/Pagnet/blu-utils#readme",
  }

yarn manifest: 
  No manifest

Lockfile: 
  No lockfile
